[debug] [2021-06-25T12:33:02.217Z] ----------------------------------------------------------------------
[debug] [2021-06-25T12:33:02.220Z] Command:       C:\Program Files\nodejs\node.exe C:\Users\leonio.santos\AppData\Roaming\npm\node_modules\firebase-tools\lib\bin\firebase.js login
[debug] [2021-06-25T12:33:02.221Z] CLI Version:   9.14.0
[debug] [2021-06-25T12:33:02.221Z] Platform:      win32
[debug] [2021-06-25T12:33:02.221Z] Node Version:  v12.19.0
[debug] [2021-06-25T12:33:02.222Z] Time:          Fri Jun 25 2021 09:33:02 GMT-0300 (GMT-03:00)
[debug] [2021-06-25T12:33:02.223Z] ----------------------------------------------------------------------
[debug] 
[info] i  Firebase optionally collects CLI usage and error reporting information to help improve our products. Data is collected in accordance with Google's privacy policy (https://policies.google.com/privacy) and is not used to identify you.
 
[info] i  To change your data collection preference at any time, run `firebase logout` and log in again. 
[info] 
[info] Visit this URL on this device to log in:
[info] https://accounts.google.com/o/oauth2/auth?client_id=563584335869-fgrhgmd47bqnekij5i8b5pr03ho849e6.apps.googleusercontent.com&scope=email%20openid%20https%3A%2F%2Fwww.googleapis.com%2Fauth%2Fcloudplatformprojects.readonly%20https%3A%2F%2Fwww.googleapis.com%2Fauth%2Ffirebase%20https%3A%2F%2Fwww.googleapis.com%2Fauth%2Fcloud-platform&response_type=code&state=268421523&redirect_uri=http%3A%2F%2Flocalhost%3A9005
[info] 
[info] Waiting for authentication...
[debug] [2021-06-25T12:33:08.538Z] Error: spawn cmd ENOENT
    at Process.ChildProcess._handle.onexit (internal/child_process.js:267:19)
    at onErrorNT (internal/child_process.js:469:16)
    at processTicksAndRejections (internal/process/task_queues.js:84:21)
[error] 
[error] Error: An unexpected error has occurred.
[debug] [2021-06-25T12:52:43.566Z] ----------------------------------------------------------------------
[debug] [2021-06-25T12:52:43.568Z] Command:       C:\Program Files\nodejs\node.exe C:\Users\leonio.santos\AppData\Roaming\npm\node_modules\firebase-tools\lib\bin\firebase.js login
[debug] [2021-06-25T12:52:43.569Z] CLI Version:   9.14.0
[debug] [2021-06-25T12:52:43.569Z] Platform:      win32
[debug] [2021-06-25T12:52:43.569Z] Node Version:  v12.19.0
[debug] [2021-06-25T12:52:43.570Z] Time:          Fri Jun 25 2021 09:52:43 GMT-0300 (GMT-03:00)
[debug] [2021-06-25T12:52:43.571Z] ----------------------------------------------------------------------
[debug] 
[info] i  Firebase optionally collects CLI usage and error reporting information to help improve our products. Data is collected in accordance with Google's privacy policy (https://policies.google.com/privacy) and is not used to identify you.
 
[info] i  To change your data collection preference at any time, run `firebase logout` and log in again. 
[info] 
[info] Visit this URL on this device to log in:
[info] https://accounts.google.com/o/oauth2/auth?client_id=563584335869-fgrhgmd47bqnekij5i8b5pr03ho849e6.apps.googleusercontent.com&scope=email%20openid%20https%3A%2F%2Fwww.googleapis.com%2Fauth%2Fcloudplatformprojects.readonly%20https%3A%2F%2Fwww.googleapis.com%2Fauth%2Ffirebase%20https%3A%2F%2Fwww.googleapis.com%2Fauth%2Fcloud-platform&response_type=code&state=18379888&redirect_uri=http%3A%2F%2Flocalhost%3A9005
[info] 
[info] Waiting for authentication...
[debug] [2021-06-25T12:52:46.410Z] Error: spawn cmd ENOENT
    at Process.ChildProcess._handle.onexit (internal/child_process.js:267:19)
    at onErrorNT (internal/child_process.js:469:16)
    at processTicksAndRejections (internal/process/task_queues.js:84:21)
[error] 
[error] Error: An unexpected error has occurred.
